---------------------options---------------------
batch_size:32
cfg:./benchmark_semseg/cfg/pointnet_c.cfg
dataset:touchstone3d
debug:False
decay_rate:0.0001
epoch:2000
gpu:0
jitter:1
log_dir:./log/semseg/touchstone3d/clutter/pointnet/
lr:0.001
lr_clip:1e-05
lr_decay:0.7
mirror_prob:0
model:pointnet
npoint:2048
optimizer:Adam
rot:1
scale:0
step_size:10
weighted_loss:False
-------------------------------------------------
---------------------options---------------------
batch_size:32
cfg:./benchmark_semseg/cfg/pointnet_c.cfg
dataset:touchstone3d
debug:False
decay_rate:0.0001
epoch:2000
gpu:0
jitter:1
log_dir:./log/semseg/touchstone3d/clutter/pointnet/
lr:0.001
lr_clip:1e-05
lr_decay:0.7
mirror_prob:0
model:pointnet
npoint:2048
optimizer:Adam
rot:1
scale:0
step_size:10
weighted_loss:False
-------------------------------------------------
---------------------options---------------------
batch_size:32
cfg:./benchmark_semseg/cfg/pointnet_c.cfg
dataset:touchstone3d
debug:False
decay_rate:0.0001
epoch:2000
gpu:0
jitter:1
log_dir:./log/semseg/touchstone3d/clutter/pointnet/
lr:0.001
lr_clip:1e-05
lr_decay:0.7
mirror_prob:0
model:pointnet
npoint:2048
optimizer:Adam
rot:1
scale:0
step_size:10
weighted_loss:False
-------------------------------------------------
---------------------options---------------------
batch_size:32
cfg:./benchmark_semseg/cfg/pointnet_c.cfg
dataset:touchstone3d
debug:False
decay_rate:0.0001
epoch:2000
gpu:0
jitter:1
log_dir:./log/semseg/touchstone3d/clutter/pointnet/
lr:0.001
lr_clip:1e-05
lr_decay:0.7
mirror_prob:0
model:pointnet
npoint:2048
optimizer:Adam
rot:1
scale:0
step_size:10
weighted_loss:False
-------------------------------------------------
---------------------options---------------------
batch_size:32
cfg:./benchmark_semseg/cfg/pointnet_c.cfg
dataset:touchstone3d
debug:False
decay_rate:0.0001
epoch:2000
gpu:0
jitter:1
log_dir:./log/semseg/touchstone3d/clutter/pointnet/
lr:0.001
lr_clip:1e-05
lr_decay:0.7
mirror_prob:0
model:pointnet
npoint:2048
optimizer:Adam
rot:1
scale:0
step_size:10
weighted_loss:False
-------------------------------------------------
---------------------options---------------------
batch_size:32
cfg:./benchmark_semseg/cfg/pointnet_c.cfg
dataset:touchstone3d
debug:False
decay_rate:0.0001
epoch:2000
gpu:0
jitter:1
log_dir:./log/semseg/touchstone3d/clutter/pointnet/
lr:0.001
lr_clip:1e-05
lr_decay:0.7
mirror_prob:0
model:pointnet
npoint:2048
optimizer:Adam
rot:1
scale:0
step_size:10
weighted_loss:False
-------------------------------------------------
---------------------options---------------------
batch_size:32
cfg:./benchmark_semseg/cfg/pointnet_c.cfg
dataset:touchstone3d
debug:False
decay_rate:0.0001
epoch:2000
gpu:0
jitter:1
log_dir:./log/semseg/touchstone3d/clutter/pointnet/
lr:0.001
lr_clip:1e-05
lr_decay:0.7
mirror_prob:0
model:pointnet
npoint:2048
optimizer:Adam
rot:1
scale:0
step_size:10
weighted_loss:False
-------------------------------------------------
---------------------options---------------------
batch_size:32
cfg:./benchmark_semseg/cfg/pointnet_c.cfg
dataset:touchstone3d
debug:False
decay_rate:0.0001
epoch:2000
gpu:0
jitter:1
log_dir:./log/semseg/touchstone3d/clutter/pointnet/
lr:0.001
lr_clip:1e-05
lr_decay:0.7
mirror_prob:0
model:pointnet
npoint:2048
optimizer:Adam
rot:1
scale:0
step_size:10
weighted_loss:False
-------------------------------------------------
---------------------options---------------------
batch_size:32
cfg:./benchmark_semseg/cfg/pointnet_c.cfg
dataset:touchstone3d
debug:False
decay_rate:0.0001
epoch:2000
gpu:0
jitter:1
log_dir:./log/semseg/touchstone3d/clutter/pointnet/
lr:0.001
lr_clip:1e-05
lr_decay:0.7
mirror_prob:0
model:pointnet
npoint:2048
optimizer:Adam
rot:1
scale:0
step_size:10
weighted_loss:False
-------------------------------------------------
---------------------options---------------------
batch_size:32
cfg:./benchmark_semseg/cfg/pointnet_c.cfg
dataset:touchstone3d
debug:False
decay_rate:0.0001
epoch:2000
gpu:0
jitter:1
log_dir:./log/semseg/touchstone3d/clutter/pointnet/
lr:0.001
lr_clip:1e-05
lr_decay:0.7
mirror_prob:0
model:pointnet
npoint:2048
optimizer:Adam
rot:1
scale:0
step_size:10
weighted_loss:False
-------------------------------------------------
---------------------options---------------------
batch_size:32
cfg:./benchmark_semseg/cfg/pointnet_c.cfg
dataset:touchstone3d
debug:False
decay_rate:0.0001
epoch:2000
gpu:0
jitter:1
log_dir:./log/semseg/touchstone3d/clutter/pointnet/
lr:0.001
lr_clip:1e-05
lr_decay:0.7
mirror_prob:0
model:pointnet
npoint:2048
optimizer:Adam
rot:1
scale:0
step_size:10
weighted_loss:False
-------------------------------------------------
---------------------options---------------------
batch_size:32
cfg:./benchmark_semseg/cfg/pointnet_c.cfg
dataset:touchstone3d
debug:False
decay_rate:0.0001
epoch:2000
gpu:0
jitter:1
log_dir:./log/semseg/touchstone3d/clutter/pointnet/
lr:0.001
lr_clip:1e-05
lr_decay:0.7
mirror_prob:0
model:pointnet
npoint:2048
optimizer:Adam
rot:1
scale:0
step_size:10
weighted_loss:False
-------------------------------------------------
---------------------options---------------------
batch_size:32
cfg:./benchmark_semseg/cfg/pointnet_c.cfg
dataset:touchstone3d
debug:False
decay_rate:0.0001
epoch:2000
gpu:0
jitter:1
log_dir:./log/semseg/touchstone3d/clutter/pointnet/
lr:0.001
lr_clip:1e-05
lr_decay:0.7
mirror_prob:0
model:pointnet
npoint:2048
optimizer:Adam
rot:1
scale:0
step_size:10
weighted_loss:False
-------------------------------------------------
---------------------options---------------------
batch_size:32
cfg:./benchmark_semseg/cfg/pointnet_c.cfg
dataset:touchstone3d
debug:False
decay_rate:0.0001
epoch:2000
gpu:0
jitter:1
log_dir:./log/semseg/touchstone3d/clutter/pointnet/
lr:0.001
lr_clip:1e-05
lr_decay:0.7
mirror_prob:0
model:pointnet
npoint:2048
optimizer:Adam
rot:1
scale:0
step_size:10
weighted_loss:False
-------------------------------------------------
